<?xml version="1.0" encoding="UTF-8"?>
<!-- Generated by org.testng.reporters.JUnitReportReporter -->
<testsuite hostname="hp-PC" name="testScripts.Login" tests="1" failures="0" timestamp="3 Sep 2017 06:03:20 GMT" time="16.217" errors="0">
  <testcase name="loginTest" time="16.217" classname="testScripts.Login"/>
</testsuite> <!-- testScripts.Login -->
